<?xml version="1.0" encoding="UTF-8"?>
<!-- Generated by org.testng.reporters.JUnitXMLReporter -->
<testsuite hostname="DESKTOP-N22QR8J" ignored="0" name="LoginTestcases" tests="2" failures="0" timestamp="2021-06-04T09:28:49 IST" time="53.484" errors="0">
  <testcase name="TestLoginWithValidCredentials" time="13.351" classname="QualityKiosksTraining.OrangeHRMTestCases.TestCases.ValidLoginCredentialsTestcase"/>
  <testcase name="TestLoginWithInValidCredentials" time="0.0" classname="QualityKiosksTraining.OrangeHRMTestCases.TestCases.InvalidLoginTestCases">
    <skipped/>
  </testcase> <!-- TestLoginWithInValidCredentials -->
</testsuite> <!-- LoginTestcases -->
