<?xml version="1.0" encoding="UTF-8"?>
<!-- Generated by org.testng.reporters.JUnitXMLReporter -->
<testsuite ignored="0" hostname="DESKTOP-N22QR8J" failures="0" tests="5" name="LoginTestcases" time="45.739" errors="0" timestamp="2021-06-04T10:13:02 IST">
  <testcase classname="QualityKiosksTraining.OrangeHRMTestCases.TestCases.ValidLoginCredentialsTestcase" name="TestLoginWithValidCredentials" time="6.639"/>
  <testcase classname="QualityKiosksTraining.OrangeHRMTestCases.TestCases.InvalidLoginTestCases" name="TestLoginWithInValidCredentials" time="0.403"/>
  <testcase classname="QualityKiosksTraining.OrangeHRMTestCases.TestCases.InvalidLoginTestCases" name="TestLoginWithInValidCredentials" time="0.294"/>
  <testcase classname="QualityKiosksTraining.OrangeHRMTestCases.TestCases.InvalidLoginTestCases" name="TestLoginWithInValidCredentials" time="0.251"/>
  <testcase classname="QualityKiosksTraining.OrangeHRMTestCases.TestCases.InvalidLoginTestCases" name="TestLoginWithInValidCredentials" time="2.422"/>
</testsuite> <!-- LoginTestcases -->
